<?xml version="1.0" encoding="UTF-8"?>
<!-- Generated by org.testng.reporters.JUnitReportReporter -->
<testsuite skipped="0" hostname="ITSL-DT15" name="com.magento.qa.testcases.PricelistTest" tests="1" failures="0" timestamp="01 Jun 2018 07:54:40 GMT" time="42.159" errors="0">
  <testcase name="priceList_Add" time="42.159" classname="com.magento.qa.testcases.PricelistTest"/>
</testsuite> <!-- com.magento.qa.testcases.PricelistTest -->
