<?xml version="1.0" encoding="UTF-8"?>
<!-- Generated by org.testng.reporters.JUnitReportReporter -->
<testsuite skipped="0" hostname="ITSL-DT15" name="com.magento.qa.testcases.LoginTest" tests="3" failures="0" timestamp="16 May 2018 11:36:00 GMT" time="38.520" errors="0">
  <testcase name="PageTitleTest" time="11.117" classname="com.magento.qa.testcases.LoginTest"/>
  <testcase name="ValidateMagentoImage" time="8.837" classname="com.magento.qa.testcases.LoginTest"/>
  <testcase name="Logintest" time="18.566" classname="com.magento.qa.testcases.LoginTest"/>
</testsuite> <!-- com.magento.qa.testcases.LoginTest -->
