<?xml version="1.0" encoding="UTF-8"?>
<!-- Generated by org.testng.reporters.JUnitReportReporter -->
<testsuite skipped="0" hostname="ITSL-DT15" name="com.magento.qa.testcases.PricelistTest" tests="1" failures="0" timestamp="05 Jun 2018 13:23:04 GMT" time="48.875" errors="0">
  <testcase name="pricelisAssign_customer" time="48.875" classname="com.magento.qa.testcases.PricelistTest"/>
</testsuite> <!-- com.magento.qa.testcases.PricelistTest -->
