<?xml version="1.0" encoding="UTF-8"?>
<!-- Generated by org.testng.reporters.JUnitReportReporter -->
<testsuite skipped="0" hostname="ITSL-DT15" name="com.magento.qa.testcases.PricelistTest" tests="3" failures="0" timestamp="25 May 2018 10:48:38 GMT" time="60.631" errors="0">
  <testcase name="priceList_Title_Validation" time="15.045" classname="com.magento.qa.testcases.PricelistTest"/>
  <testcase name="priceList_Add" time="16.987" classname="com.magento.qa.testcases.PricelistTest"/>
  <testcase name="PriceList_Del" time="28.599" classname="com.magento.qa.testcases.PricelistTest"/>
</testsuite> <!-- com.magento.qa.testcases.PricelistTest -->
