<?xml version="1.0" encoding="UTF-8"?>
<!-- Generated by org.testng.reporters.JUnitReportReporter -->
<testsuite skipped="0" hostname="ITSL-DT15" name="com.magento.qa.testcases.PricelistTest" tests="3" failures="0" timestamp="26 May 2018 13:46:21 GMT" time="67.601" errors="0">
  <testcase name="priceList_Title_Validation" time="13.644" classname="com.magento.qa.testcases.PricelistTest"/>
  <testcase name="priceList_Add" time="18.787" classname="com.magento.qa.testcases.PricelistTest"/>
  <testcase name="prod_assign" time="35.170" classname="com.magento.qa.testcases.PricelistTest"/>
</testsuite> <!-- com.magento.qa.testcases.PricelistTest -->
