<?xml version="1.0" encoding="UTF-8"?>
<!-- Generated by org.testng.reporters.JUnitReportReporter -->
<testsuite skipped="0" hostname="ITSL-DT15" name="com.magento.qa.testcases.LoginTest" tests="3" failures="0" timestamp="05 Jun 2018 07:19:06 GMT" time="63.492" errors="0">
  <testcase name="PageTitleTest" time="24.129" classname="com.magento.qa.testcases.LoginTest"/>
  <testcase name="ValidateMagentoImage" time="20.102" classname="com.magento.qa.testcases.LoginTest"/>
  <testcase name="Logintest" time="19.261" classname="com.magento.qa.testcases.LoginTest"/>
</testsuite> <!-- com.magento.qa.testcases.LoginTest -->
