<?xml version="1.0" encoding="UTF-8"?>
<!-- Generated by org.testng.reporters.JUnitReportReporter -->
<testsuite skipped="0" hostname="ITSL-DT15" name="com.magento.qa.testcases.Pricelist_contactpersonTest" tests="1" failures="0" timestamp="05 Jun 2018 13:25:32 GMT" time="19.712" errors="0">
  <testcase name="prodpricetest" time="19.712" classname="com.magento.qa.testcases.Pricelist_contactpersonTest"/>
</testsuite> <!-- com.magento.qa.testcases.Pricelist_contactpersonTest -->
