<?xml version="1.0" encoding="UTF-8"?>
<!-- Generated by org.testng.reporters.JUnitReportReporter -->
<testsuite skipped="0" hostname="ITSL-DT15" name="com.magento.qa.testcases.LoginTest" tests="3" failures="0" timestamp="22 May 2018 10:26:58 GMT" time="50.430" errors="0">
  <testcase name="PageTitleTest" time="26.439" classname="com.magento.qa.testcases.LoginTest"/>
  <testcase name="ValidateMagentoImage" time="12.306" classname="com.magento.qa.testcases.LoginTest"/>
  <testcase name="Logintest" time="11.685" classname="com.magento.qa.testcases.LoginTest"/>
</testsuite> <!-- com.magento.qa.testcases.LoginTest -->
